<?xml version="1.0" encoding="UTF-8"?>
<testsuite xmlns:xsi="http://www.w3.org/2001/XMLSchema-instance" xsi:noNamespaceSchemaLocation="https://maven.apache.org/surefire/maven-surefire-plugin/xsd/surefire-test-report-3.0.xsd" version="3.0" name="co.edu.uniquindio.poo.AppTest" time="0.133" tests="9" errors="0" skipped="0" failures="0">
  <properties>
[...]
</properties>
  <testcase name="testAnimalGetters" classname="co.edu.uniquindio.poo.AppTest" time="0.049"/>
  <testcase name="testAguilaToString" classname="co.edu.uniquindio.poo.AppTest" time="0.015"/>
  <testcase name="testDueñoAgregarMascota" classname="co.edu.uniquindio.poo.AppTest" time="0.001"/>
  <testcase name="testDueñoToString" classname="co.edu.uniquindio.poo.AppTest" time="0.004"/>
  <testcase name="testPerroToString" classname="co.edu.uniquindio.poo.AppTest" time="0.004"/>
  <testcase name="testVeterinariaToString" classname="co.edu.uniquindio.poo.AppTest" time="0.005"/>
  <testcase name="testCanarioToString" classname="co.edu.uniquindio.poo.AppTest" time="0.006"/>
  <testcase name="testGatoToString" classname="co.edu.uniquindio.poo.AppTest" time="0.002"/>
  <testcase name="testLeonToString" classname="co.edu.uniquindio.poo.AppTest" time="0.002"/>
</testsuite>